生成启动时间为 2020/10/19 18:55:18。
     1>项目“D:\Documents\Visual Studio 2013\Projects\项目相关\ConcurrentMemoryPool\ConcurrentMemoryPool\ConcurrentMemoryPool.vcxproj”在节点 2 上(Build 个目标)。
     1>ClCompile:
         E:\AE\VC\bin\CL.exe /c /ZI /nologo /W3 /WX- /sdl /Od /Oy- /D _MBCS /Gm /EHsc /RTC1 /MDd /GS /fp:precise /Zc:wchar_t /Zc:forScope /Fo"Debug\\" /Fd"Debug\vc120.pdb" /Gd /TP /analyze- /errorReport:prompt CentralCache.cpp PageCache.cpp ThreadCache.cpp Unit.cpp test.cpp
         ThreadCache.cpp
         PageCache.cpp
     1>d:\documents\visual studio 2013\projects\项目相关\concurrentmemorypool\concurrentmemorypool\pagecache.cpp(46): warning C4018: “<”: 有符号/无符号不匹配
     1>d:\documents\visual studio 2013\projects\项目相关\concurrentmemorypool\concurrentmemorypool\pagecache.cpp(70): warning C4018: “<”: 有符号/无符号不匹配
     1>d:\documents\visual studio 2013\projects\项目相关\concurrentmemorypool\concurrentmemorypool\pagecache.cpp(107): warning C4018: “<”: 有符号/无符号不匹配
     1>d:\documents\visual studio 2013\projects\项目相关\concurrentmemorypool\concurrentmemorypool\pagecache.cpp(134): warning C4018: “<”: 有符号/无符号不匹配
         CentralCache.cpp
         正在生成代码...
         正在编译...
         test.cpp
         Unit.cpp
         正在生成代码...
       Link:
         E:\AE\VC\bin\link.exe /ERRORREPORT:PROMPT /OUT:"D:\Documents\Visual Studio 2013\Projects\项目相关\ConcurrentMemoryPool\Debug\ConcurrentMemoryPool.exe" /INCREMENTAL /NOLOGO kernel32.lib user32.lib gdi32.lib winspool.lib comdlg32.lib advapi32.lib shell32.lib ole32.lib oleaut32.lib uuid.lib odbc32.lib odbccp32.lib /MANIFEST /MANIFESTUAC:"level='asInvoker' uiAccess='false'" /manifest:embed /DEBUG /PDB:"D:\Documents\Visual Studio 2013\Projects\项目相关\ConcurrentMemoryPool\Debug\ConcurrentMemoryPool.pdb" /TLBID:1 /DYNAMICBASE /NXCOMPAT /IMPLIB:"D:\Documents\Visual Studio 2013\Projects\项目相关\ConcurrentMemoryPool\Debug\ConcurrentMemoryPool.lib" /MACHINE:X86 Debug\CentralCache.obj
         Debug\PageCache.obj
         Debug\test.obj
         Debug\ThreadCache.obj
         Debug\Unit.obj
         ConcurrentMemoryPool.vcxproj -> D:\Documents\Visual Studio 2013\Projects\项目相关\ConcurrentMemoryPool\Debug\ConcurrentMemoryPool.exe
     1>已完成生成项目“D:\Documents\Visual Studio 2013\Projects\项目相关\ConcurrentMemoryPool\ConcurrentMemoryPool\ConcurrentMemoryPool.vcxproj”(Build 个目标)的操作。

生成成功。

已用时间 00:00:08.82
